2026-05-11 16:45:38 [main] INFO  f.ms_usuarios.MsUsuariosApplication - Starting MsUsuariosApplication using Java 21.0.9 with PID 18672 (C:\Users\av-alumno\Desktop\ms-ferreteria\ms_usuarios\target\classes started by AV-Alumno in C:\Users\av-alumno\Desktop\ms-ferreteria)
2026-05-11 16:45:38 [main] INFO  f.ms_usuarios.MsUsuariosApplication - No active profile set, falling back to 1 default profile: "default"
2026-05-11 16:45:41 [main] INFO  o.s.d.r.c.RepositoryConfigurationDelegate - Bootstrapping Spring Data JPA repositories in DEFAULT mode.
2026-05-11 16:45:41 [main] INFO  o.s.d.r.c.RepositoryConfigurationDelegate - Finished Spring Data repository scanning in 147 ms. Found 3 JPA repository interfaces.
2026-05-11 16:45:42 [main] INFO  o.s.boot.tomcat.TomcatWebServer - Tomcat initialized with port 8082 (http)
2026-05-11 16:45:42 [main] INFO  o.a.catalina.core.StandardService - Starting service [Tomcat]
2026-05-11 16:45:42 [main] INFO  o.a.catalina.core.StandardEngine - Starting Servlet engine: [Apache Tomcat/11.0.21]
2026-05-11 16:45:42 [main] INFO  o.s.b.w.c.s.WebApplicationContextInitializer - Root WebApplicationContext: initialization completed in 3532 ms
2026-05-11 16:45:43 [main] INFO  org.hibernate.orm.jpa - HHH008540: Processing PersistenceUnitInfo [name: default]
2026-05-11 16:45:43 [main] INFO  org.hibernate.orm.core - HHH000001: Hibernate ORM core version 7.2.12.Final
2026-05-11 16:45:44 [main] INFO  o.s.o.j.p.SpringPersistenceUnitInfo - No LoadTimeWeaver setup: ignoring JPA class transformer
2026-05-11 16:45:45 [main] INFO  com.zaxxer.hikari.HikariDataSource - HikariPool-1 - Starting...
2026-05-11 16:45:45 [main] INFO  com.zaxxer.hikari.pool.HikariPool - HikariPool-1 - Added connection com.mysql.cj.jdbc.ConnectionImpl@11170228
2026-05-11 16:45:45 [main] INFO  com.zaxxer.hikari.HikariDataSource - HikariPool-1 - Start completed.
2026-05-11 16:45:45 [main] WARN  org.hibernate.orm.core - HHH000511: The 5.5.5 version for [org.hibernate.dialect.MySQLDialect] is no longer supported, hence certain features may not work properly.The minimum supported version is 8.0.0. Check the community dialects project for available legacy versions.
2026-05-11 16:45:45 [main] INFO  o.hibernate.orm.connections.pooling - HHH10001005: Database info:
	Database JDBC URL [jdbc:mysql://localhost:3306/ferrefixusr]
	Database driver: MySQL Connector/J
	Database dialect: MySQLDialect
	Database version: 5.5.5
	Default catalog/schema: ferrefixusr/undefined
	Autocommit mode: undefined/unknown
	Isolation level: REPEATABLE_READ [default REPEATABLE_READ]
	JDBC fetch size: none
	Pool: DataSourceConnectionProvider
	Minimum pool size: undefined/unknown
	Maximum pool size: undefined/unknown
2026-05-11 16:45:47 [main] INFO  org.hibernate.orm.core - HHH000489: No JTA platform available (set 'hibernate.transaction.jta.platform' to enable JTA platform integration)
2026-05-11 16:45:47 [main] INFO  o.s.o.j.LocalContainerEntityManagerFactoryBean - Initialized JPA EntityManagerFactory for persistence unit 'default'
2026-05-11 16:45:47 [main] INFO  o.s.d.j.r.q.QueryEnhancerFactories - Hibernate is in classpath; If applicable, HQL parser will be used.
2026-05-11 16:45:50 [main] INFO  liquibase.changelog - Creating database changelog table with name: ferrefixusr.databasechangelog
2026-05-11 16:45:50 [main] INFO  liquibase.changelog - Reading from ferrefixusr.databasechangelog
2026-05-11 16:45:50 [main] INFO  liquibase.snapshot - Creating snapshot
2026-05-11 16:45:51 [main] INFO  liquibase.ui - Name 'PK_DATABASECHANGELOGLOCK' ignored for PRIMARY key.
2026-05-11 16:45:51 [main] INFO  liquibase.lockservice - Successfully acquired change log lock
2026-05-11 16:45:51 [main] INFO  liquibase.command - Using deploymentId: 8532348389
2026-05-11 16:45:51 [main] INFO  liquibase.changelog - Reading from ferrefixusr.databasechangelog
2026-05-11 16:45:51 [main] INFO  liquibase.ui - Running Changeset: db/changelog/db.changelog.sql::1::ferrefix
2026-05-11 16:45:51 [main] INFO  liquibase.changelog - Custom SQL executed
2026-05-11 16:45:51 [main] INFO  liquibase.changelog - ChangeSet db/changelog/db.changelog.sql::1::ferrefix ran successfully in 119ms
2026-05-11 16:45:51 [main] INFO  liquibase.ui - Running Changeset: db/changelog/db.changelog.sql::2::ferrefix
2026-05-11 16:45:51 [main] INFO  liquibase.changelog - Custom SQL executed
2026-05-11 16:45:51 [main] INFO  liquibase.changelog - ChangeSet db/changelog/db.changelog.sql::2::ferrefix ran successfully in 30ms
2026-05-11 16:45:51 [main] INFO  liquibase.util - UPDATE SUMMARY
2026-05-11 16:45:51 [main] INFO  liquibase.util - Run:                          2
2026-05-11 16:45:51 [main] INFO  liquibase.util - Previously run:               0
2026-05-11 16:45:51 [main] INFO  liquibase.util - Filtered out:                 0
2026-05-11 16:45:51 [main] INFO  liquibase.util - -------------------------------
2026-05-11 16:45:51 [main] INFO  liquibase.util - Total change sets:            2
2026-05-11 16:45:51 [main] INFO  liquibase.util - Update summary generated
2026-05-11 16:45:51 [main] INFO  liquibase.command - Update command completed successfully.
2026-05-11 16:45:51 [main] INFO  liquibase.ui - Liquibase: Update has been successful. Rows affected: 15
2026-05-11 16:45:51 [main] INFO  liquibase.lockservice - Successfully released change log lock
2026-05-11 16:45:51 [main] INFO  liquibase.command - Command execution complete
2026-05-11 16:45:51 [main] WARN  o.s.b.j.a.JpaBaseConfiguration$JpaWebConfiguration - spring.jpa.open-in-view is enabled by default. Therefore, database queries may be performed during view rendering. Explicitly configure spring.jpa.open-in-view to disable this warning
2026-05-11 16:45:52 [main] INFO  o.s.boot.tomcat.TomcatWebServer - Tomcat started on port 8082 (http) with context path '/'
2026-05-11 16:45:52 [main] INFO  f.ms_usuarios.MsUsuariosApplication - Started MsUsuariosApplication in 14.89 seconds (process running for 15.908)
2026-05-11 16:46:11 [http-nio-8082-exec-1] INFO  o.a.c.c.C.[Tomcat].[localhost].[/] - Initializing Spring DispatcherServlet 'dispatcherServlet'
2026-05-11 16:46:11 [http-nio-8082-exec-1] INFO  o.s.web.servlet.DispatcherServlet - Initializing Servlet 'dispatcherServlet'
2026-05-11 16:46:11 [http-nio-8082-exec-1] INFO  o.s.web.servlet.DispatcherServlet - Completed initialization in 2 ms
2026-05-11 16:46:11 [http-nio-8082-exec-1] ERROR f.m.exception.GlobalExceptionHandler - Excepción no manejada: 
org.springframework.web.servlet.resource.NoResourceFoundException: No static resource api/usuarios for request '/api/usuarios'.
	at org.springframework.web.servlet.resource.ResourceHttpRequestHandler.handleRequest(ResourceHttpRequestHandler.java:526)
	at org.springframework.web.servlet.mvc.HttpRequestHandlerAdapter.handle(HttpRequestHandlerAdapter.java:50)
	at org.springframework.web.servlet.DispatcherServlet.doDispatch(DispatcherServlet.java:963)
	at org.springframework.web.servlet.DispatcherServlet.doService(DispatcherServlet.java:866)
	at org.springframework.web.servlet.FrameworkServlet.processRequest(FrameworkServlet.java:1000)
	at org.springframework.web.servlet.FrameworkServlet.doGet(FrameworkServlet.java:892)
	at jakarta.servlet.http.HttpServlet.service(HttpServlet.java:622)
	at org.springframework.web.servlet.FrameworkServlet.service(FrameworkServlet.java:874)
	at jakarta.servlet.http.HttpServlet.service(HttpServlet.java:710)
	at org.apache.catalina.core.ApplicationFilterChain.doFilter(ApplicationFilterChain.java:128)
	at org.apache.tomcat.websocket.server.WsFilter.doFilter(WsFilter.java:53)
	at org.apache.catalina.core.ApplicationFilterChain.doFilter(ApplicationFilterChain.java:107)
	at org.springframework.web.filter.RequestContextFilter.doFilterInternal(RequestContextFilter.java:100)
	at org.springframework.web.filter.OncePerRequestFilter.doFilter(OncePerRequestFilter.java:116)
	at org.apache.catalina.core.ApplicationFilterChain.doFilter(ApplicationFilterChain.java:107)
	at org.springframework.web.filter.FormContentFilter.doFilterInternal(FormContentFilter.java:93)
	at org.springframework.web.filter.OncePerRequestFilter.doFilter(OncePerRequestFilter.java:116)
	at org.apache.catalina.core.ApplicationFilterChain.doFilter(ApplicationFilterChain.java:107)
	at org.springframework.web.filter.CharacterEncodingFilter.doFilterInternal(CharacterEncodingFilter.java:199)
	at org.springframework.web.filter.OncePerRequestFilter.doFilter(OncePerRequestFilter.java:116)
	at org.apache.catalina.core.ApplicationFilterChain.doFilter(ApplicationFilterChain.java:107)
	at org.apache.catalina.core.StandardWrapperValve.invoke(StandardWrapperValve.java:165)
	at org.apache.catalina.core.StandardContextValve.invoke(StandardContextValve.java:77)
	at org.apache.catalina.authenticator.AuthenticatorBase.invoke(AuthenticatorBase.java:492)
	at org.apache.catalina.core.StandardHostValve.invoke(StandardHostValve.java:113)
	at org.apache.catalina.valves.ErrorReportValve.invoke(ErrorReportValve.java:83)
	at org.apache.catalina.core.StandardEngineValve.invoke(StandardEngineValve.java:72)
	at org.apache.catalina.connector.CoyoteAdapter.service(CoyoteAdapter.java:341)
	at org.apache.coyote.http11.Http11Processor.service(Http11Processor.java:397)
	at org.apache.coyote.AbstractProcessorLight.process(AbstractProcessorLight.java:63)
	at org.apache.coyote.AbstractProtocol$ConnectionHandler.process(AbstractProtocol.java:903)
	at org.apache.tomcat.util.net.NioEndpoint$SocketProcessor.doRun(NioEndpoint.java:1801)
	at org.apache.tomcat.util.net.SocketProcessorBase.run(SocketProcessorBase.java:52)
	at org.apache.tomcat.util.threads.ThreadPoolExecutor.runWorker(ThreadPoolExecutor.java:946)
	at org.apache.tomcat.util.threads.ThreadPoolExecutor$Worker.run(ThreadPoolExecutor.java:480)
	at org.apache.tomcat.util.threads.TaskThread$WrappingRunnable.run(TaskThread.java:57)
	at java.base/java.lang.Thread.run(Unknown Source)
2026-05-11 16:46:18 [http-nio-8082-exec-2] INFO  f.m.controller.ClienteController - GET /api/usuarios/clientes - Solicitud para listar todos los clientes
2026-05-11 16:46:18 [http-nio-8082-exec-2] INFO  f.ms_usuarios.service.ClienteService - Iniciando búsqueda de todos los clientes
2026-05-11 16:46:18 [http-nio-8082-exec-2] INFO  f.m.controller.ClienteController - GET /api/usuarios/clientes - Listado enviado con éxito. Respondiendo 200 OK
2026-05-11 16:46:32 [http-nio-8082-exec-3] INFO  f.m.controller.CargoController - GET /api/usuarios/cargos - Solicitud para listar todos los cargos
2026-05-11 16:46:32 [http-nio-8082-exec-3] INFO  f.ms_usuarios.service.CargoService - Iniciando búsqueda de todos los cargos
2026-05-11 16:46:32 [http-nio-8082-exec-3] INFO  f.ms_usuarios.service.CargoService - Búsqueda completada. Total de cargos encontrados: 5
2026-05-11 16:46:32 [http-nio-8082-exec-3] INFO  f.m.controller.CargoController - GET /api/usuarios/cargos - Listado enviado con éxito. Respondiendo 200 OK
2026-05-11 16:46:41 [http-nio-8082-exec-4] INFO  f.m.controller.EmpleadoController - GET /api/usuarios/empleados - Solicitud para listar todos los empleados
2026-05-11 16:46:41 [http-nio-8082-exec-4] INFO  f.m.service.EmpleadoService - Consultando la lista de todos los empleados
2026-05-11 16:46:41 [http-nio-8082-exec-4] INFO  f.m.service.EmpleadoService - Consulta exitosa. Total empleados: 5
2026-05-11 16:46:41 [http-nio-8082-exec-4] INFO  f.m.controller.EmpleadoController - GET /api/usuarios/empleados - Listado enviado con éxito. Respondiendo 200 OK
